#
# There is insufficient memory for the Java Runtime Environment to continue.
# Native memory allocation (malloc) failed to allocate 32744 bytes for ChunkPool::allocate
# Possible reasons:
#   The system is out of physical RAM or swap space
#   The process is running with CompressedOops enabled, and the Java Heap may be blocking the growth of the native heap
# Possible solutions:
#   Reduce memory load on the system
#   Increase physical memory or swap space
#   Check if swap backing store is full
#   Decrease Java heap size (-Xmx/-Xms)
#   Decrease number of Java threads
#   Decrease Java thread stack sizes (-Xss)
#   Set larger code cache with -XX:ReservedCodeCacheSize=
#   JVM is running with Unscaled Compressed Oops mode in which the Java heap is
#     placed in the first 4GB address space. The Java Heap base address is the
#     maximum limit for the native heap growth. Please use -XX:HeapBaseMinAddress
#     to set the Java Heap base and to place the Java Heap above 4GB virtual address.
# This output file may be truncated or incomplete.
#
#  Out of Memory Error (allocation.cpp:272), pid=4116, tid=0x0000000000000a04
#
# JRE version: Java(TM) SE Runtime Environment (8.0_301-b09) (build 1.8.0_301-b09)
# Java VM: Java HotSpot(TM) 64-Bit Server VM (25.301-b09 mixed mode windows-amd64 compressed oops)
# Failed to write core dump. Minidumps are not enabled by default on client versions of Windows
#

---------------  T H R E A D  ---------------

Current thread (0x0000018ea7b56000):  JavaThread "C2 CompilerThread0" daemon [_thread_in_native, id=2564, stack(0x00000081e1000000,0x00000081e1100000)]

Stack: [0x00000081e1000000,0x00000081e1100000]
Native frames: (J=compiled Java code, j=interpreted, Vv=VM code, C=native code)
V  [jvm.dll+0x32ed79]
V  [jvm.dll+0x275722]
V  [jvm.dll+0x2763cd]
V  [jvm.dll+0x26ce05]
V  [jvm.dll+0xd59bd]
V  [jvm.dll+0xd5d1c]
V  [jvm.dll+0x4c72f3]
V  [jvm.dll+0x42335b]
V  [jvm.dll+0x4c5266]
V  [jvm.dll+0x46c25b]
V  [jvm.dll+0x4d2a2b]
V  [jvm.dll+0x4d3a6e]
V  [jvm.dll+0x4d7435]
V  [jvm.dll+0x4cfa0c]
V  [jvm.dll+0x4cf0ab]
V  [jvm.dll+0x4cd38f]
V  [jvm.dll+0x42cf30]
V  [jvm.dll+0x43fc65]
V  [jvm.dll+0x42ae57]
V  [jvm.dll+0xac1bb]
V  [jvm.dll+0xaa81b]
V  [jvm.dll+0x23ddc2]
V  [jvm.dll+0x2923dc]
C  [ucrtbase.dll+0x21bb2]
C  [KERNEL32.DLL+0x17034]
C  [ntdll.dll+0x52651]


Current CompileTask:
C2:  26181  929       4       java.util.ArrayList$Itr::next (66 bytes)


---------------  P R O C E S S  ---------------

Java Threads: ( => current thread )
  0x0000018ea8680800 JavaThread "TimerQueue" daemon [_thread_blocked, id=66300, stack(0x00000081e1c00000,0x00000081e1d00000)]
  0x0000018e9290f000 JavaThread "DestroyJavaVM" [_thread_blocked, id=6740, stack(0x00000081e0800000,0x00000081e0900000)]
  0x0000018ea928a000 JavaThread "AWT-EventQueue-0" [_thread_blocked, id=7532, stack(0x00000081e1800000,0x00000081e1900000)]
  0x0000018ea8786800 JavaThread "mysql-cj-abandoned-connection-cleanup" daemon [_thread_blocked, id=7160, stack(0x00000081e1700000,0x00000081e1800000)]
  0x0000018ea8732000 JavaThread "AWT-Windows" daemon [_thread_in_native, id=4260, stack(0x00000081e1600000,0x00000081e1700000)]
  0x0000018ea872c800 JavaThread "AWT-Shutdown" [_thread_blocked, id=1648, stack(0x00000081e1500000,0x00000081e1600000)]
  0x0000018ea8728800 JavaThread "Java2D Disposer" daemon [_thread_blocked, id=4964, stack(0x00000081e1400000,0x00000081e1500000)]
  0x0000018ea7bb9800 JavaThread "Service Thread" daemon [_thread_blocked, id=1096, stack(0x00000081e1200000,0x00000081e1300000)]
  0x0000018ea7bb5800 JavaThread "C1 CompilerThread1" daemon [_thread_blocked, id=7772, stack(0x00000081e1100000,0x00000081e1200000)]
=>0x0000018ea7b56000 JavaThread "C2 CompilerThread0" daemon [_thread_in_native, id=2564, stack(0x00000081e1000000,0x00000081e1100000)]
  0x0000018ea7b54000 JavaThread "Attach Listener" daemon [_thread_blocked, id=2244, stack(0x00000081e0f00000,0x00000081e1000000)]
  0x0000018ea7b53000 JavaThread "Signal Dispatcher" daemon [_thread_blocked, id=6948, stack(0x00000081e0e00000,0x00000081e0f00000)]
  0x0000018ea7b44800 JavaThread "Finalizer" daemon [_thread_blocked, id=2988, stack(0x00000081e0d00000,0x00000081e0e00000)]
  0x0000018ea7669000 JavaThread "Reference Handler" daemon [_thread_blocked, id=6244, stack(0x00000081e0c00000,0x00000081e0d00000)]

Other Threads:
  0x0000018ea7b22000 VMThread [stack: 0x00000081e0b00000,0x00000081e0c00000] [id=4148]
  0x0000018ea7bc1000 WatcherThread [stack: 0x00000081e1300000,0x00000081e1400000] [id=3920]

VM state:not at safepoint (normal execution)

VM Mutex/Monitor currently owned by a thread: None

heap address: 0x00000000a2600000, size: 1498 MB, Compressed Oops mode: 32-bit
Narrow klass base: 0x0000000000000000, Narrow klass shift: 3
Compressed class space size: 1073741824 Address: 0x0000000100000000

Heap:
 PSYoungGen      total 28160K, used 19419K [0x00000000e0d00000, 0x00000000e2c00000, 0x0000000100000000)
  eden space 24576K, 79% used [0x00000000e0d00000,0x00000000e1ff6c30,0x00000000e2500000)
  from space 3584K, 0% used [0x00000000e2880000,0x00000000e2880000,0x00000000e2c00000)
  to   space 3584K, 0% used [0x00000000e2500000,0x00000000e2500000,0x00000000e2880000)
 ParOldGen       total 64512K, used 0K [0x00000000a2600000, 0x00000000a6500000, 0x00000000e0d00000)
  object space 64512K, 0% used [0x00000000a2600000,0x00000000a2600000,0x00000000a6500000)
 Metaspace       used 15173K, capacity 15462K, committed 15616K, reserved 1062912K
  class space    used 1936K, capacity 2033K, committed 2048K, reserved 1048576K

Card table byte_map: [0x0000018ea36b0000,0x0000018ea39a0000] byte_map_base: 0x0000018ea319d000

Marking Bits: (ParMarkBitMap*) 0x00000000690f7fe0
 Begin Bits: [0x0000018ea3ba0000, 0x0000018ea5308000)
 End Bits:   [0x0000018ea5308000, 0x0000018ea6a70000)

Polling page: 0x0000018e942c0000

CodeCache: size=245760Kb used=3322Kb max_used=3322Kb free=242437Kb
 bounds [0x0000018e942f0000, 0x0000018e94630000, 0x0000018ea32f0000]
 total_blobs=1483 nmethods=947 adapters=449
 compilation: disabled (not enough contiguous free space left)

Compilation events (10 events):
Event: 20.197 Thread 0x0000018ea7bb5800 nmethod 944 0x0000018e9462bcd0 code [0x0000018e9462be40, 0x0000018e9462c138]
Event: 20.197 Thread 0x0000018ea7bb5800  945   !   3       java.awt.Font::equals (132 bytes)
Event: 20.198 Thread 0x0000018ea7bb5800 nmethod 945 0x0000018e9462c1d0 code [0x0000018e9462c3a0, 0x0000018e9462cbb0]
Event: 20.198 Thread 0x0000018ea7bb5800  947   !   3       javax.swing.RepaintManager::addDirtyRegion0 (205 bytes)
Event: 20.201 Thread 0x0000018ea7bb5800 nmethod 947 0x0000018e9462ce90 code [0x0000018e9462d160, 0x0000018e9462ec60]
Event: 20.201 Thread 0x0000018ea7bb5800  948       3       java.awt.event.ComponentEvent::<init> (7 bytes)
Event: 20.201 Thread 0x0000018ea7bb5800 nmethod 948 0x0000018e9462f690 code [0x0000018e9462f800, 0x0000018e9462f990]
Event: 20.201 Thread 0x0000018ea7bb5800  946       1       javax.swing.event.EventListenerList::getListenerList (5 bytes)
Event: 20.201 Thread 0x0000018ea7bb5800 nmethod 946 0x0000018e9462fa10 code [0x0000018e9462fb60, 0x0000018e9462fc78]
Event: 20.202 Thread 0x0000018ea7bb5800  949       3       sun.java2d.pipe.Region::getIntersectionXYXY (108 bytes)

GC Heap History (0 events):
No events

Deoptimization events (6 events):
Event: 0.444 Thread 0x0000018e9290f000 Uncommon trap: reason=null_check action=make_not_entrant pc=0x0000018e9447c8b0 method=java.lang.String.equals(Ljava/lang/Object;)Z @ 8
Event: 0.887 Thread 0x0000018e9290f000 Uncommon trap: reason=unstable_if action=reinterpret pc=0x0000018e944bdc9c method=java.util.Properties.loadConvert([CII[C)Ljava/lang/String; @ 4
Event: 0.890 Thread 0x0000018e9290f000 Uncommon trap: reason=unstable_if action=reinterpret pc=0x0000018e944c2cf0 method=java.util.Properties$LineReader.readLine()I @ 252
Event: 0.912 Thread 0x0000018e9290f000 Uncommon trap: reason=class_check action=maybe_recompile pc=0x0000018e9451e774 method=java.util.Properties$LineReader.readLine()I @ 410
Event: 17.634 Thread 0x0000018ea928a000 Uncommon trap: reason=class_check action=maybe_recompile pc=0x0000018e94492860 method=java.lang.String.equals(Ljava/lang/Object;)Z @ 8
Event: 17.634 Thread 0x0000018ea928a000 Uncommon trap: reason=class_check action=maybe_recompile pc=0x0000018e94492860 method=java.lang.String.equals(Ljava/lang/Object;)Z @ 8

Classes redefined (0 events):
No events

Internal exceptions (10 events):
Event: 0.134 Thread 0x0000018e9290f000 Exception <a 'java/io/FileNotFoundException'> (0x00000000e0d564f8) thrown at [C:\jenkins\workspace\8-2-build-windows-amd64-cygwin\jdk8u301\1513\hotspot\src\share\vm\prims\jni.cpp, line 710]
Event: 0.190 Thread 0x0000018e9290f000 Exception <a 'java/security/PrivilegedActionException'> (0x00000000e0e029d8) thrown at [C:\jenkins\workspace\8-2-build-windows-amd64-cygwin\jdk8u301\1513\hotspot\src\share\vm\prims\jvm.cpp, line 1523]
Event: 0.190 Thread 0x0000018e9290f000 Exception <a 'java/security/PrivilegedActionException'> (0x00000000e0e02be8) thrown at [C:\jenkins\workspace\8-2-build-windows-amd64-cygwin\jdk8u301\1513\hotspot\src\share\vm\prims\jvm.cpp, line 1523]
Event: 0.191 Thread 0x0000018e9290f000 Exception <a 'java/security/PrivilegedActionException'> (0x00000000e0e06858) thrown at [C:\jenkins\workspace\8-2-build-windows-amd64-cygwin\jdk8u301\1513\hotspot\src\share\vm\prims\jvm.cpp, line 1523]
Event: 0.191 Thread 0x0000018e9290f000 Exception <a 'java/security/PrivilegedActionException'> (0x00000000e0e06a68) thrown at [C:\jenkins\workspace\8-2-build-windows-amd64-cygwin\jdk8u301\1513\hotspot\src\share\vm\prims\jvm.cpp, line 1523]
Event: 0.200 Thread 0x0000018e9290f000 Exception <a 'java/io/FileNotFoundException'> (0x00000000e0e099f0) thrown at [C:\jenkins\workspace\8-2-build-windows-amd64-cygwin\jdk8u301\1513\hotspot\src\share\vm\prims\jni.cpp, line 710]
Event: 0.290 Thread 0x0000018e9290f000 Exception <a 'java/lang/NoSuchFieldError': method resolution failed> (0x00000000e0eda1f8) thrown at [C:\jenkins\workspace\8-2-build-windows-amd64-cygwin\jdk8u301\1513\hotspot\src\share\vm\prims\methodHandles.cpp, line 1169]
Event: 0.299 Thread 0x0000018e9290f000 Exception <a 'java/lang/NoSuchFieldError': method resolution failed> (0x00000000e0ee75c8) thrown at [C:\jenkins\workspace\8-2-build-windows-amd64-cygwin\jdk8u301\1513\hotspot\src\share\vm\prims\methodHandles.cpp, line 1169]
Event: 0.390 Thread 0x0000018e9290f000 Exception <a 'java/io/FileNotFoundException'> (0x00000000e0f81a48) thrown at [C:\jenkins\workspace\8-2-build-windows-amd64-cygwin\jdk8u301\1513\hotspot\src\share\vm\prims\jni.cpp, line 710]
Event: 0.444 Thread 0x0000018e9290f000 Implicit null exception at 0x0000018e9447c6e2 to 0x0000018e9447c8a1

Events (10 events):
Event: 17.634 loading class javax/swing/JComponent$ActionStandin
Event: 17.634 loading class javax/swing/JComponent$ActionStandin done
Event: 17.635 loading class javax/swing/text/AbstractDocument$UndoRedoDocumentEvent
Event: 17.635 loading class javax/swing/text/AbstractDocument$UndoRedoDocumentEvent done
Event: 17.635 loading class javax/swing/text/DefaultCaret$1
Event: 17.636 loading class javax/swing/text/DefaultCaret$1 done
Event: 20.192 loading class javax/swing/text/GapContent$RemoveUndo
Event: 20.192 loading class javax/swing/text/GapContent$RemoveUndo done
Event: 20.192 loading class javax/swing/text/GapContent$UndoPosRef
Event: 20.192 loading class javax/swing/text/GapContent$UndoPosRef done


Dynamic libraries:
0x00007ff759dd0000 - 0x00007ff759e17000 	C:\Program Files\Java\jre1.8.0_301\bin\javaw.exe
0x00007ffed7990000 - 0x00007ffed7b85000 	C:\WINDOWS\SYSTEM32\ntdll.dll
0x00007ffed6740000 - 0x00007ffed67fe000 	C:\WINDOWS\System32\KERNEL32.DLL
0x00007ffed5250000 - 0x00007ffed5518000 	C:\WINDOWS\System32\KERNELBASE.dll
0x00007ffed60f0000 - 0x00007ffed619c000 	C:\WINDOWS\System32\ADVAPI32.dll
0x00007ffed6ef0000 - 0x00007ffed6f8e000 	C:\WINDOWS\System32\msvcrt.dll
0x00007ffed6a90000 - 0x00007ffed6b2b000 	C:\WINDOWS\System32\sechost.dll
0x00007ffed5dc0000 - 0x00007ffed5eea000 	C:\WINDOWS\System32\RPCRT4.dll
0x00007ffed6d40000 - 0x00007ffed6ee1000 	C:\WINDOWS\System32\USER32.dll
0x00007ffed59a0000 - 0x00007ffed59c2000 	C:\WINDOWS\System32\win32u.dll
0x00007ffed6b30000 - 0x00007ffed6b5b000 	C:\WINDOWS\System32\GDI32.dll
0x00007ffed56d0000 - 0x00007ffed57dd000 	C:\WINDOWS\System32\gdi32full.dll
0x00007ffed50a0000 - 0x00007ffed513d000 	C:\WINDOWS\System32\msvcp_win.dll
0x00007ffed58a0000 - 0x00007ffed59a0000 	C:\WINDOWS\System32\ucrtbase.dll
0x00007ffec5860000 - 0x00007ffec5afa000 	C:\WINDOWS\WinSxS\amd64_microsoft.windows.common-controls_6595b64144ccf1df_6.0.19041.1110_none_60b5254171f9507e\COMCTL32.dll
0x00007ffed6b60000 - 0x00007ffed6b90000 	C:\WINDOWS\System32\IMM32.DLL
0x00007ffecf3e0000 - 0x00007ffecf3f5000 	C:\Program Files\Java\jre1.8.0_301\bin\vcruntime140.dll
0x00007ffea1ce0000 - 0x00007ffea1d7b000 	C:\Program Files\Java\jre1.8.0_301\bin\msvcp140.dll
0x0000000068910000 - 0x0000000069170000 	C:\Program Files\Java\jre1.8.0_301\bin\server\jvm.dll
0x00007ffed6ff0000 - 0x00007ffed6ff8000 	C:\WINDOWS\System32\PSAPI.DLL
0x00007ffeb9280000 - 0x00007ffeb9289000 	C:\WINDOWS\SYSTEM32\WSOCK32.dll
0x00007ffed7000000 - 0x00007ffed706b000 	C:\WINDOWS\System32\WS2_32.dll
0x00007ffec63e0000 - 0x00007ffec6407000 	C:\WINDOWS\SYSTEM32\WINMM.dll
0x00007ffec5140000 - 0x00007ffec514a000 	C:\WINDOWS\SYSTEM32\VERSION.dll
0x00007ffed2f90000 - 0x00007ffed2fa2000 	C:\WINDOWS\SYSTEM32\kernel.appcore.dll
0x00007ffed06c0000 - 0x00007ffed06d0000 	C:\Program Files\Java\jre1.8.0_301\bin\verify.dll
0x00007ffec60e0000 - 0x00007ffec610b000 	C:\Program Files\Java\jre1.8.0_301\bin\java.dll
0x00007ffec60c0000 - 0x00007ffec60d8000 	C:\Program Files\Java\jre1.8.0_301\bin\zip.dll
0x00007ffed7070000 - 0x00007ffed77b4000 	C:\WINDOWS\System32\SHELL32.dll
0x00007ffed3190000 - 0x00007ffed3924000 	C:\WINDOWS\SYSTEM32\windows.storage.dll
0x00007ffed59d0000 - 0x00007ffed5d25000 	C:\WINDOWS\System32\combase.dll
0x00007ffed4a80000 - 0x00007ffed4aae000 	C:\WINDOWS\SYSTEM32\Wldp.dll
0x00007ffed7820000 - 0x00007ffed78cd000 	C:\WINDOWS\System32\SHCORE.dll
0x00007ffed6920000 - 0x00007ffed6975000 	C:\WINDOWS\System32\shlwapi.dll
0x00007ffed4fe0000 - 0x00007ffed4fff000 	C:\WINDOWS\SYSTEM32\profapi.dll
0x00007ffe8fb40000 - 0x00007ffe8fcd5000 	C:\Program Files\Java\jre1.8.0_301\bin\awt.dll
0x00007ffed5ef0000 - 0x00007ffed5fbd000 	C:\WINDOWS\System32\OLEAUT32.dll
0x00007ffed27f0000 - 0x00007ffed2880000 	C:\WINDOWS\SYSTEM32\apphelp.dll
0x00007ffed2ca0000 - 0x00007ffed2ccf000 	C:\WINDOWS\system32\DWMAPI.DLL
0x00007ffed2a60000 - 0x00007ffed2afe000 	C:\WINDOWS\system32\uxtheme.dll
0x00007ffeae0f0000 - 0x00007ffeae215000 	C:\WINDOWS\system32\opengl32.dll
0x00007ffeae550000 - 0x00007ffeae57c000 	C:\WINDOWS\SYSTEM32\GLU32.dll
0x00007ffed6800000 - 0x00007ffed6915000 	C:\WINDOWS\System32\MSCTF.dll
0x00007ffed5fc0000 - 0x00007ffed60ea000 	C:\WINDOWS\System32\ole32.dll
0x00007ffed57e0000 - 0x00007ffed5862000 	C:\WINDOWS\System32\bcryptPrimitives.dll
0x00007ffec60a0000 - 0x00007ffec60bc000 	C:\Program Files\Java\jre1.8.0_301\bin\net.dll
0x00007ffed4780000 - 0x00007ffed47ea000 	C:\WINDOWS\system32\mswsock.dll
0x00007ffed44c0000 - 0x00007ffed458b000 	C:\WINDOWS\SYSTEM32\DNSAPI.dll
0x00007ffed4470000 - 0x00007ffed44ab000 	C:\WINDOWS\SYSTEM32\IPHLPAPI.DLL
0x00007ffed6250000 - 0x00007ffed6258000 	C:\WINDOWS\System32\NSI.dll
0x00007ffeca210000 - 0x00007ffeca21a000 	C:\Windows\System32\rasadhlp.dll
0x00007ffeca440000 - 0x00007ffeca4bf000 	C:\WINDOWS\System32\fwpuclnt.dll
0x00007ffed5870000 - 0x00007ffed5897000 	C:\WINDOWS\System32\bcrypt.dll
0x00007ffead380000 - 0x00007ffead3c9000 	C:\Program Files\Java\jre1.8.0_301\bin\fontmanager.dll
0x00007ffec6080000 - 0x00007ffec6093000 	C:\Program Files\Java\jre1.8.0_301\bin\nio.dll
0x00007ffea8c60000 - 0x00007ffea8ca3000 	C:\Program Files\Java\jre1.8.0_301\bin\t2k.dll
0x00007ffed61a0000 - 0x00007ffed6249000 	C:\WINDOWS\System32\clbcatq.dll
0x00007ffecfc30000 - 0x00007ffecfde4000 	C:\WINDOWS\SYSTEM32\WindowsCodecs.dll
0x00007ffeb1b70000 - 0x00007ffeb1bae000 	C:\WINDOWS\system32\dataexchange.dll
0x00007ffed1090000 - 0x00007ffed12f4000 	C:\WINDOWS\system32\d3d11.dll
0x00007ffed1a20000 - 0x00007ffed1c05000 	C:\WINDOWS\system32\dcomp.dll
0x00007ffed3ab0000 - 0x00007ffed3ba4000 	C:\WINDOWS\system32\dxgi.dll
0x00007ffecff10000 - 0x00007ffed0111000 	C:\WINDOWS\system32\twinapi.appcore.dll
0x00007ffec9a40000 - 0x00007ffec9b39000 	C:\WINDOWS\SYSTEM32\textinputframework.dll
0x00007ffed22f0000 - 0x00007ffed23e2000 	C:\WINDOWS\System32\CoreMessaging.dll
0x00007ffed1f90000 - 0x00007ffed22ee000 	C:\WINDOWS\System32\CoreUIComponents.dll
0x00007ffed3d90000 - 0x00007ffed3dc3000 	C:\WINDOWS\SYSTEM32\ntmarta.dll
0x00007ffed18c0000 - 0x00007ffed1a14000 	C:\WINDOWS\SYSTEM32\wintypes.dll
0x00007ffec4200000 - 0x00007ffec43e4000 	C:\WINDOWS\SYSTEM32\dbghelp.dll

VM Arguments:
jvm_args: -Dfile.encoding=Cp1252 
java_command: InterfaceGr.Admin.GraphiqueAdmin
java_class_path (initial): C:\Users\Lenovo\Documents\GitHub\ProjetJava\bin;G:\Study\JAVA.O.O\1)-Book java-JDBC\mysql-connector-java-8.0.25.jar
Launcher Type: SUN_STANDARD

Environment Variables:
PATH=C:/Program Files/Java/jre1.8.0_301/bin/server;C:/Program Files/Java/jre1.8.0_301/bin;C:/Program Files/Java/jre1.8.0_301/lib/amd64;D:\orc\bin;C:\app\Lenovo\product\18.0.0\dbhomeXE\bin;C:\Program Files (x86)\Common Files\Oracle\Java\javapath;C:\Program Files (x86)\EasyPHP-DevServer-13.1VC9\binaries\php\php_runningversion;C:\WINDOWS\system32;C:\WINDOWS;C:\WINDOWS\System32\Wbem;C:\WINDOWS\System32\WindowsPowerShell\v1.0\;C:\WINDOWS\System32\OpenSSH\;C:\Program Files\nodejs\;C:\Program Files\nodejs\node_modules\npm\bin;C:\Program Files\Java\jdk1.8.0_202\bin;C:\Program Files\Git\cmd;C:\Users\Lenovo\AppData\Local\Microsoft\WindowsApps;C:\Users\Lenovo\AppData\Local\Programs\Microsoft VS Code\bin;C:\Users\Lenovo\AppData\Roaming\npm;C:\Users\Lenovo\AppData\Local\GitHubDesktop\bin;C:\Program Files\eclipse;
USERNAME=Lenovo
OS=Windows_NT
PROCESSOR_IDENTIFIER=Intel64 Family 6 Model 58 Stepping 9, GenuineIntel



---------------  S Y S T E M  ---------------

OS: Windows 10.0 , 64 bit Build 19041 (10.0.19041.1348)

CPU:total 2 (initial active 2) (2 cores per cpu, 1 threads per core) family 6 model 58 stepping 9, cmov, cx8, fxsr, mmx, sse, sse2, sse3, ssse3, sse4.1, sse4.2, popcnt, clmul, erms, tsc, tscinvbit, tscinv

Memory: 4k page, physical 6135152k(979324k free), swap 9513820k(892996k free)

vm_info: Java HotSpot(TM) 64-Bit Server VM (25.301-b09) for windows-amd64 JRE (1.8.0_301-b09), built on Jun  9 2021 06:46:21 by "java_re" with MS VC++ 15.9 (VS2017)

time: Sat Jan  8 15:50:17 2022
timezone: Paris, Madrid
elapsed time: 26.588017 seconds (0d 0h 0m 26s)

